<?xml version="1.0" encoding="UTF-8"?>
<!-- Generated by org.testng.reporters.JUnitReportReporter -->
<testsuite hostname="Rahul-Tech" failures="0" tests="2" name="testCases.ErrorValidationTest" time="17.516" errors="0" timestamp="2025-02-09T19:57:54 IST" skipped="0">
  <testcase classname="testCases.ErrorValidationTest" name="productErrorValidation" time="11.398"/>
  <system-out/>
  <testcase classname="testCases.ErrorValidationTest" name="loginErrorValidation" time="6.118"/>
  <system-out/>
</testsuite> <!-- testCases.ErrorValidationTest -->
