<?xml version="1.0" encoding="UTF-8"?>
<!-- Generated by org.testng.reporters.JUnitReportReporter -->
<testsuite hostname="Rahul-Tech" failures="0" tests="3" name="testCases.SubmitOrderTest" time="36.132" errors="0" timestamp="2025-02-09T19:57:54 IST" skipped="0">
  <testcase classname="testCases.SubmitOrderTest" name="orderHistroyTest" time="6.019"/>
  <system-out/>
  <testcase classname="testCases.SubmitOrderTest" name="submitOrder" time="13.255"/>
  <system-out/>
  <testcase classname="testCases.SubmitOrderTest" name="submitOrder" time="16.858"/>
  <system-out/>
</testsuite> <!-- testCases.SubmitOrderTest -->
