<?xml version="1.0" encoding="UTF-8"?>
<!-- Generated by org.testng.reporters.JUnitReportReporter -->
<testsuite hostname="Rahul-Tech" failures="0" tests="3" name="testCases.SubmitOrderTest" time="38.959" errors="0" timestamp="2025-02-09T20:03:49 IST" skipped="0">
  <testcase classname="testCases.SubmitOrderTest" name="submitOrder" time="15.198"/>
  <testcase classname="testCases.SubmitOrderTest" name="orderHistroyTest" time="8.739"/>
  <testcase classname="testCases.SubmitOrderTest" name="submitOrder" time="15.022"/>
</testsuite> <!-- testCases.SubmitOrderTest -->
