<?xml version="1.0" encoding="UTF-8"?>
<!-- Generated by org.testng.reporters.JUnitReportReporter -->
<testsuite hostname="Rahul-Tech" failures="0" tests="2" name="testCases.ErrorValidationTest" time="26.452" errors="0" timestamp="2025-02-09T20:03:49 IST" skipped="0">
  <testcase classname="testCases.ErrorValidationTest" name="productErrorValidation" time="18.423"/>
  <testcase classname="testCases.ErrorValidationTest" name="loginErrorValidation" time="8.029"/>
</testsuite> <!-- testCases.ErrorValidationTest -->
